2017-03-27 19:28:18 [-][-][-][error][yii\console\UnknownCommandException] yii\base\InvalidRouteException: Unable to resolve the request "match". in /vagrant/dabaozha/vendor/yiisoft/yii2/base/Module.php:532
Stack trace:
#0 /vagrant/dabaozha/vendor/yiisoft/yii2/console/Application.php(180): yii\base\Module->runAction('match', Array)
#1 /vagrant/dabaozha/vendor/yiisoft/yii2/console/Application.php(147): yii\console\Application->runAction('match', Array)
#2 /vagrant/dabaozha/vendor/yiisoft/yii2/base/Application.php(380): yii\console\Application->handleRequest(Object(yii\console\Request))
#3 /vagrant/dabaozha/console/yii(20): yii\base\Application->run()
#4 {main}

Next yii\console\UnknownCommandException: Unknown command "match". in /vagrant/dabaozha/vendor/yiisoft/yii2/console/Application.php:183
Stack trace:
#0 /vagrant/dabaozha/vendor/yiisoft/yii2/console/Application.php(147): yii\console\Application->runAction('match', Array)
#1 /vagrant/dabaozha/vendor/yiisoft/yii2/base/Application.php(380): yii\console\Application->handleRequest(Object(yii\console\Request))
#2 /vagrant/dabaozha/console/yii(20): yii\base\Application->run()
#3 {main}
2017-03-27 19:28:18 [-][-][-][info][application] $_SERVER = [
    'XDG_SESSION_ID' => '5'
    'HOSTNAME' => 'localhost'
    'TERM' => 'xterm-256color'
    'SHELL' => '/bin/bash'
    'HISTSIZE' => '1000'
    'SSH_CLIENT' => '10.0.2.2 53180 22'
    'OLDPWD' => '/vagrant/dabaozha/service'
    'SSH_TTY' => '/dev/pts/1'
    'USER' => 'vagrant'
    'LS_COLORS' => 'rs=0:di=38;5;27:ln=38;5;51:mh=44;38;5;15:pi=40;38;5;11:so=38;5;13:do=38;5;5:bd=48;5;232;38;5;11:cd=48;5;232;38;5;3:or=48;5;232;38;5;9:mi=05;48;5;232;38;5;15:su=48;5;196;38;5;15:sg=48;5;11;38;5;16:ca=48;5;196;38;5;226:tw=48;5;10;38;5;16:ow=48;5;10;38;5;21:st=48;5;21;38;5;15:ex=38;5;34:*.tar=38;5;9:*.tgz=38;5;9:*.arc=38;5;9:*.arj=38;5;9:*.taz=38;5;9:*.lha=38;5;9:*.lz4=38;5;9:*.lzh=38;5;9:*.lzma=38;5;9:*.tlz=38;5;9:*.txz=38;5;9:*.tzo=38;5;9:*.t7z=38;5;9:*.zip=38;5;9:*.z=38;5;9:*.Z=38;5;9:*.dz=38;5;9:*.gz=38;5;9:*.lrz=38;5;9:*.lz=38;5;9:*.lzo=38;5;9:*.xz=38;5;9:*.bz2=38;5;9:*.bz=38;5;9:*.tbz=38;5;9:*.tbz2=38;5;9:*.tz=38;5;9:*.deb=38;5;9:*.rpm=38;5;9:*.jar=38;5;9:*.war=38;5;9:*.ear=38;5;9:*.sar=38;5;9:*.rar=38;5;9:*.alz=38;5;9:*.ace=38;5;9:*.zoo=38;5;9:*.cpio=38;5;9:*.7z=38;5;9:*.rz=38;5;9:*.cab=38;5;9:*.jpg=38;5;13:*.jpeg=38;5;13:*.gif=38;5;13:*.bmp=38;5;13:*.pbm=38;5;13:*.pgm=38;5;13:*.ppm=38;5;13:*.tga=38;5;13:*.xbm=38;5;13:*.xpm=38;5;13:*.tif=38;5;13:*.tiff=38;5;13:*.png=38;5;13:*.svg=38;5;13:*.svgz=38;5;13:*.mng=38;5;13:*.pcx=38;5;13:*.mov=38;5;13:*.mpg=38;5;13:*.mpeg=38;5;13:*.m2v=38;5;13:*.mkv=38;5;13:*.webm=38;5;13:*.ogm=38;5;13:*.mp4=38;5;13:*.m4v=38;5;13:*.mp4v=38;5;13:*.vob=38;5;13:*.qt=38;5;13:*.nuv=38;5;13:*.wmv=38;5;13:*.asf=38;5;13:*.rm=38;5;13:*.rmvb=38;5;13:*.flc=38;5;13:*.avi=38;5;13:*.fli=38;5;13:*.flv=38;5;13:*.gl=38;5;13:*.dl=38;5;13:*.xcf=38;5;13:*.xwd=38;5;13:*.yuv=38;5;13:*.cgm=38;5;13:*.emf=38;5;13:*.axv=38;5;13:*.anx=38;5;13:*.ogv=38;5;13:*.ogx=38;5;13:*.aac=38;5;45:*.au=38;5;45:*.flac=38;5;45:*.mid=38;5;45:*.midi=38;5;45:*.mka=38;5;45:*.mp3=38;5;45:*.mpc=38;5;45:*.ogg=38;5;45:*.ra=38;5;45:*.wav=38;5;45:*.axa=38;5;45:*.oga=38;5;45:*.spx=38;5;45:*.xspf=38;5;45:'
    'MAIL' => '/var/spool/mail/vagrant'
    'PATH' => '/usr/local/bin:/usr/bin:/usr/local/sbin:/usr/sbin:/home/vagrant/.local/bin:/home/vagrant/bin'
    'PWD' => '/vagrant/dabaozha/console'
    'LANG' => 'zh_CN.UTF-8'
    'HISTCONTROL' => 'ignoredups'
    'SHLVL' => '1'
    'HOME' => '/home/vagrant'
    'LOGNAME' => 'vagrant'
    'SSH_CONNECTION' => '10.0.2.2 53180 10.0.2.15 22'
    'LESSOPEN' => '||/usr/bin/lesspipe.sh %s'
    'XDG_RUNTIME_DIR' => '/run/user/1000'
    '_' => './yii'
    'PHP_SELF' => './yii'
    'SCRIPT_NAME' => './yii'
    'SCRIPT_FILENAME' => './yii'
    'PATH_TRANSLATED' => './yii'
    'DOCUMENT_ROOT' => ''
    'REQUEST_TIME_FLOAT' => 1490614098.6101
    'REQUEST_TIME' => 1490614098
    'argv' => [
        0 => './yii'
        1 => 'match'
    ]
    'argc' => 2
]
2017-03-27 19:28:45 [-][-][-][error][yii\base\ErrorException:2] yii\base\ErrorException: Missing argument 1 for service\models\Test::hello(), called in /vagrant/dabaozha/console/commands/MatchController.php on line 29 and defined in /vagrant/dabaozha/service/models/Test.php:25
Stack trace:
#0 /vagrant/dabaozha/service/models/Test.php(25): yii\base\ErrorHandler->handleError(2, 'Missing argumen...', '/vagrant/dabaoz...', 25, Array)
#1 /vagrant/dabaozha/console/commands/MatchController.php(29): service\models\Test::hello()
#2 [internal function]: console\commands\MatchController->actionIndex('hello world')
#3 /vagrant/dabaozha/vendor/yiisoft/yii2/base/InlineAction.php(57): call_user_func_array(Array, Array)
#4 /vagrant/dabaozha/vendor/yiisoft/yii2/base/Controller.php(156): yii\base\InlineAction->runWithParams(Array)
#5 /vagrant/dabaozha/vendor/yiisoft/yii2/console/Controller.php(128): yii\base\Controller->runAction('', Array)
#6 /vagrant/dabaozha/vendor/yiisoft/yii2/base/Module.php(523): yii\console\Controller->runAction('', Array)
#7 /vagrant/dabaozha/vendor/yiisoft/yii2/console/Application.php(180): yii\base\Module->runAction('match', Array)
#8 /vagrant/dabaozha/vendor/yiisoft/yii2/console/Application.php(147): yii\console\Application->runAction('match', Array)
#9 /vagrant/dabaozha/vendor/yiisoft/yii2/base/Application.php(380): yii\console\Application->handleRequest(Object(yii\console\Request))
#10 /vagrant/dabaozha/console/yii(20): yii\base\Application->run()
#11 {main}
2017-03-27 19:28:44 [-][-][-][info][application] $_SERVER = [
    'XDG_SESSION_ID' => '5'
    'HOSTNAME' => 'localhost'
    'TERM' => 'xterm-256color'
    'SHELL' => '/bin/bash'
    'HISTSIZE' => '1000'
    'SSH_CLIENT' => '10.0.2.2 53180 22'
    'OLDPWD' => '/vagrant/dabaozha/service'
    'SSH_TTY' => '/dev/pts/1'
    'USER' => 'vagrant'
    'LS_COLORS' => 'rs=0:di=38;5;27:ln=38;5;51:mh=44;38;5;15:pi=40;38;5;11:so=38;5;13:do=38;5;5:bd=48;5;232;38;5;11:cd=48;5;232;38;5;3:or=48;5;232;38;5;9:mi=05;48;5;232;38;5;15:su=48;5;196;38;5;15:sg=48;5;11;38;5;16:ca=48;5;196;38;5;226:tw=48;5;10;38;5;16:ow=48;5;10;38;5;21:st=48;5;21;38;5;15:ex=38;5;34:*.tar=38;5;9:*.tgz=38;5;9:*.arc=38;5;9:*.arj=38;5;9:*.taz=38;5;9:*.lha=38;5;9:*.lz4=38;5;9:*.lzh=38;5;9:*.lzma=38;5;9:*.tlz=38;5;9:*.txz=38;5;9:*.tzo=38;5;9:*.t7z=38;5;9:*.zip=38;5;9:*.z=38;5;9:*.Z=38;5;9:*.dz=38;5;9:*.gz=38;5;9:*.lrz=38;5;9:*.lz=38;5;9:*.lzo=38;5;9:*.xz=38;5;9:*.bz2=38;5;9:*.bz=38;5;9:*.tbz=38;5;9:*.tbz2=38;5;9:*.tz=38;5;9:*.deb=38;5;9:*.rpm=38;5;9:*.jar=38;5;9:*.war=38;5;9:*.ear=38;5;9:*.sar=38;5;9:*.rar=38;5;9:*.alz=38;5;9:*.ace=38;5;9:*.zoo=38;5;9:*.cpio=38;5;9:*.7z=38;5;9:*.rz=38;5;9:*.cab=38;5;9:*.jpg=38;5;13:*.jpeg=38;5;13:*.gif=38;5;13:*.bmp=38;5;13:*.pbm=38;5;13:*.pgm=38;5;13:*.ppm=38;5;13:*.tga=38;5;13:*.xbm=38;5;13:*.xpm=38;5;13:*.tif=38;5;13:*.tiff=38;5;13:*.png=38;5;13:*.svg=38;5;13:*.svgz=38;5;13:*.mng=38;5;13:*.pcx=38;5;13:*.mov=38;5;13:*.mpg=38;5;13:*.mpeg=38;5;13:*.m2v=38;5;13:*.mkv=38;5;13:*.webm=38;5;13:*.ogm=38;5;13:*.mp4=38;5;13:*.m4v=38;5;13:*.mp4v=38;5;13:*.vob=38;5;13:*.qt=38;5;13:*.nuv=38;5;13:*.wmv=38;5;13:*.asf=38;5;13:*.rm=38;5;13:*.rmvb=38;5;13:*.flc=38;5;13:*.avi=38;5;13:*.fli=38;5;13:*.flv=38;5;13:*.gl=38;5;13:*.dl=38;5;13:*.xcf=38;5;13:*.xwd=38;5;13:*.yuv=38;5;13:*.cgm=38;5;13:*.emf=38;5;13:*.axv=38;5;13:*.anx=38;5;13:*.ogv=38;5;13:*.ogx=38;5;13:*.aac=38;5;45:*.au=38;5;45:*.flac=38;5;45:*.mid=38;5;45:*.midi=38;5;45:*.mka=38;5;45:*.mp3=38;5;45:*.mpc=38;5;45:*.ogg=38;5;45:*.ra=38;5;45:*.wav=38;5;45:*.axa=38;5;45:*.oga=38;5;45:*.spx=38;5;45:*.xspf=38;5;45:'
    'MAIL' => '/var/spool/mail/vagrant'
    'PATH' => '/usr/local/bin:/usr/bin:/usr/local/sbin:/usr/sbin:/home/vagrant/.local/bin:/home/vagrant/bin'
    'PWD' => '/vagrant/dabaozha/console'
    'LANG' => 'zh_CN.UTF-8'
    'HISTCONTROL' => 'ignoredups'
    'SHLVL' => '1'
    'HOME' => '/home/vagrant'
    'LOGNAME' => 'vagrant'
    'SSH_CONNECTION' => '10.0.2.2 53180 10.0.2.15 22'
    'LESSOPEN' => '||/usr/bin/lesspipe.sh %s'
    'XDG_RUNTIME_DIR' => '/run/user/1000'
    '_' => './yii'
    'PHP_SELF' => './yii'
    'SCRIPT_NAME' => './yii'
    'SCRIPT_FILENAME' => './yii'
    'PATH_TRANSLATED' => './yii'
    'DOCUMENT_ROOT' => ''
    'REQUEST_TIME_FLOAT' => 1490614124.9244
    'REQUEST_TIME' => 1490614124
    'argv' => [
        0 => './yii'
        1 => 'match'
    ]
    'argc' => 2
]
2017-03-27 19:28:49 [-][-][-][error][yii\base\ErrorException:2] yii\base\ErrorException: Missing argument 1 for service\models\Test::hello(), called in /vagrant/dabaozha/console/commands/MatchController.php on line 29 and defined in /vagrant/dabaozha/service/models/Test.php:25
Stack trace:
#0 /vagrant/dabaozha/service/models/Test.php(25): yii\base\ErrorHandler->handleError(2, 'Missing argumen...', '/vagrant/dabaoz...', 25, Array)
#1 /vagrant/dabaozha/console/commands/MatchController.php(29): service\models\Test::hello()
#2 [internal function]: console\commands\MatchController->actionIndex('1')
#3 /vagrant/dabaozha/vendor/yiisoft/yii2/base/InlineAction.php(57): call_user_func_array(Array, Array)
#4 /vagrant/dabaozha/vendor/yiisoft/yii2/base/Controller.php(156): yii\base\InlineAction->runWithParams(Array)
#5 /vagrant/dabaozha/vendor/yiisoft/yii2/console/Controller.php(128): yii\base\Controller->runAction('', Array)
#6 /vagrant/dabaozha/vendor/yiisoft/yii2/base/Module.php(523): yii\console\Controller->runAction('', Array)
#7 /vagrant/dabaozha/vendor/yiisoft/yii2/console/Application.php(180): yii\base\Module->runAction('match', Array)
#8 /vagrant/dabaozha/vendor/yiisoft/yii2/console/Application.php(147): yii\console\Application->runAction('match', Array)
#9 /vagrant/dabaozha/vendor/yiisoft/yii2/base/Application.php(380): yii\console\Application->handleRequest(Object(yii\console\Request))
#10 /vagrant/dabaozha/console/yii(20): yii\base\Application->run()
#11 {main}
2017-03-27 19:28:49 [-][-][-][info][application] $_SERVER = [
    'XDG_SESSION_ID' => '5'
    'HOSTNAME' => 'localhost'
    'TERM' => 'xterm-256color'
    'SHELL' => '/bin/bash'
    'HISTSIZE' => '1000'
    'SSH_CLIENT' => '10.0.2.2 53180 22'
    'OLDPWD' => '/vagrant/dabaozha/service'
    'SSH_TTY' => '/dev/pts/1'
    'USER' => 'vagrant'
    'LS_COLORS' => 'rs=0:di=38;5;27:ln=38;5;51:mh=44;38;5;15:pi=40;38;5;11:so=38;5;13:do=38;5;5:bd=48;5;232;38;5;11:cd=48;5;232;38;5;3:or=48;5;232;38;5;9:mi=05;48;5;232;38;5;15:su=48;5;196;38;5;15:sg=48;5;11;38;5;16:ca=48;5;196;38;5;226:tw=48;5;10;38;5;16:ow=48;5;10;38;5;21:st=48;5;21;38;5;15:ex=38;5;34:*.tar=38;5;9:*.tgz=38;5;9:*.arc=38;5;9:*.arj=38;5;9:*.taz=38;5;9:*.lha=38;5;9:*.lz4=38;5;9:*.lzh=38;5;9:*.lzma=38;5;9:*.tlz=38;5;9:*.txz=38;5;9:*.tzo=38;5;9:*.t7z=38;5;9:*.zip=38;5;9:*.z=38;5;9:*.Z=38;5;9:*.dz=38;5;9:*.gz=38;5;9:*.lrz=38;5;9:*.lz=38;5;9:*.lzo=38;5;9:*.xz=38;5;9:*.bz2=38;5;9:*.bz=38;5;9:*.tbz=38;5;9:*.tbz2=38;5;9:*.tz=38;5;9:*.deb=38;5;9:*.rpm=38;5;9:*.jar=38;5;9:*.war=38;5;9:*.ear=38;5;9:*.sar=38;5;9:*.rar=38;5;9:*.alz=38;5;9:*.ace=38;5;9:*.zoo=38;5;9:*.cpio=38;5;9:*.7z=38;5;9:*.rz=38;5;9:*.cab=38;5;9:*.jpg=38;5;13:*.jpeg=38;5;13:*.gif=38;5;13:*.bmp=38;5;13:*.pbm=38;5;13:*.pgm=38;5;13:*.ppm=38;5;13:*.tga=38;5;13:*.xbm=38;5;13:*.xpm=38;5;13:*.tif=38;5;13:*.tiff=38;5;13:*.png=38;5;13:*.svg=38;5;13:*.svgz=38;5;13:*.mng=38;5;13:*.pcx=38;5;13:*.mov=38;5;13:*.mpg=38;5;13:*.mpeg=38;5;13:*.m2v=38;5;13:*.mkv=38;5;13:*.webm=38;5;13:*.ogm=38;5;13:*.mp4=38;5;13:*.m4v=38;5;13:*.mp4v=38;5;13:*.vob=38;5;13:*.qt=38;5;13:*.nuv=38;5;13:*.wmv=38;5;13:*.asf=38;5;13:*.rm=38;5;13:*.rmvb=38;5;13:*.flc=38;5;13:*.avi=38;5;13:*.fli=38;5;13:*.flv=38;5;13:*.gl=38;5;13:*.dl=38;5;13:*.xcf=38;5;13:*.xwd=38;5;13:*.yuv=38;5;13:*.cgm=38;5;13:*.emf=38;5;13:*.axv=38;5;13:*.anx=38;5;13:*.ogv=38;5;13:*.ogx=38;5;13:*.aac=38;5;45:*.au=38;5;45:*.flac=38;5;45:*.mid=38;5;45:*.midi=38;5;45:*.mka=38;5;45:*.mp3=38;5;45:*.mpc=38;5;45:*.ogg=38;5;45:*.ra=38;5;45:*.wav=38;5;45:*.axa=38;5;45:*.oga=38;5;45:*.spx=38;5;45:*.xspf=38;5;45:'
    'MAIL' => '/var/spool/mail/vagrant'
    'PATH' => '/usr/local/bin:/usr/bin:/usr/local/sbin:/usr/sbin:/home/vagrant/.local/bin:/home/vagrant/bin'
    'PWD' => '/vagrant/dabaozha/console'
    'LANG' => 'zh_CN.UTF-8'
    'HISTCONTROL' => 'ignoredups'
    'SHLVL' => '1'
    'HOME' => '/home/vagrant'
    'LOGNAME' => 'vagrant'
    'SSH_CONNECTION' => '10.0.2.2 53180 10.0.2.15 22'
    'LESSOPEN' => '||/usr/bin/lesspipe.sh %s'
    'XDG_RUNTIME_DIR' => '/run/user/1000'
    '_' => './yii'
    'PHP_SELF' => './yii'
    'SCRIPT_NAME' => './yii'
    'SCRIPT_FILENAME' => './yii'
    'PATH_TRANSLATED' => './yii'
    'DOCUMENT_ROOT' => ''
    'REQUEST_TIME_FLOAT' => 1490614129.4297
    'REQUEST_TIME' => 1490614129
    'argv' => [
        0 => './yii'
        1 => 'match'
        2 => '1'
    ]
    'argc' => 3
]
2017-03-27 19:32:44 [-][-][-][error][yii\base\UnknownPropertyException] yii\base\UnknownPropertyException: Getting unknown property: yii\console\Application::redis in /vagrant/dabaozha/vendor/yiisoft/yii2/base/Component.php:147
Stack trace:
#0 /vagrant/dabaozha/vendor/yiisoft/yii2/di/ServiceLocator.php(75): yii\base\Component->__get('redis')
#1 /vagrant/dabaozha/service/modules/match/models/ar/Match.php(30): yii\di\ServiceLocator->__get('redis')
#2 /vagrant/dabaozha/service/modules/match/models/ar/Match.php(266): service\modules\match\models\ar\Match::getDb()
#3 /vagrant/dabaozha/service/modules/match/services/MatchService.php(94): service\modules\match\models\ar\Match::getPreRoomIdFromQueue()
#4 /vagrant/dabaozha/console/commands/MatchController.php(48): service\modules\match\services\MatchService::matchRoom()
#5 [internal function]: console\commands\MatchController->actionMatching()
#6 /vagrant/dabaozha/vendor/yiisoft/yii2/base/InlineAction.php(57): call_user_func_array(Array, Array)
#7 /vagrant/dabaozha/vendor/yiisoft/yii2/base/Controller.php(156): yii\base\InlineAction->runWithParams(Array)
#8 /vagrant/dabaozha/vendor/yiisoft/yii2/console/Controller.php(128): yii\base\Controller->runAction('matching', Array)
#9 /vagrant/dabaozha/vendor/yiisoft/yii2/base/Module.php(523): yii\console\Controller->runAction('matching', Array)
#10 /vagrant/dabaozha/vendor/yiisoft/yii2/console/Application.php(180): yii\base\Module->runAction('match/matching', Array)
#11 /vagrant/dabaozha/vendor/yiisoft/yii2/console/Application.php(147): yii\console\Application->runAction('match/matching', Array)
#12 /vagrant/dabaozha/vendor/yiisoft/yii2/base/Application.php(380): yii\console\Application->handleRequest(Object(yii\console\Request))
#13 /vagrant/dabaozha/console/yii(20): yii\base\Application->run()
#14 {main}
2017-03-27 19:32:44 [-][-][-][info][application] $_SERVER = [
    'XDG_SESSION_ID' => '5'
    'HOSTNAME' => 'localhost'
    'TERM' => 'xterm-256color'
    'SHELL' => '/bin/bash'
    'HISTSIZE' => '1000'
    'SSH_CLIENT' => '10.0.2.2 53180 22'
    'OLDPWD' => '/vagrant/dabaozha/service'
    'SSH_TTY' => '/dev/pts/1'
    'USER' => 'vagrant'
    'LS_COLORS' => 'rs=0:di=38;5;27:ln=38;5;51:mh=44;38;5;15:pi=40;38;5;11:so=38;5;13:do=38;5;5:bd=48;5;232;38;5;11:cd=48;5;232;38;5;3:or=48;5;232;38;5;9:mi=05;48;5;232;38;5;15:su=48;5;196;38;5;15:sg=48;5;11;38;5;16:ca=48;5;196;38;5;226:tw=48;5;10;38;5;16:ow=48;5;10;38;5;21:st=48;5;21;38;5;15:ex=38;5;34:*.tar=38;5;9:*.tgz=38;5;9:*.arc=38;5;9:*.arj=38;5;9:*.taz=38;5;9:*.lha=38;5;9:*.lz4=38;5;9:*.lzh=38;5;9:*.lzma=38;5;9:*.tlz=38;5;9:*.txz=38;5;9:*.tzo=38;5;9:*.t7z=38;5;9:*.zip=38;5;9:*.z=38;5;9:*.Z=38;5;9:*.dz=38;5;9:*.gz=38;5;9:*.lrz=38;5;9:*.lz=38;5;9:*.lzo=38;5;9:*.xz=38;5;9:*.bz2=38;5;9:*.bz=38;5;9:*.tbz=38;5;9:*.tbz2=38;5;9:*.tz=38;5;9:*.deb=38;5;9:*.rpm=38;5;9:*.jar=38;5;9:*.war=38;5;9:*.ear=38;5;9:*.sar=38;5;9:*.rar=38;5;9:*.alz=38;5;9:*.ace=38;5;9:*.zoo=38;5;9:*.cpio=38;5;9:*.7z=38;5;9:*.rz=38;5;9:*.cab=38;5;9:*.jpg=38;5;13:*.jpeg=38;5;13:*.gif=38;5;13:*.bmp=38;5;13:*.pbm=38;5;13:*.pgm=38;5;13:*.ppm=38;5;13:*.tga=38;5;13:*.xbm=38;5;13:*.xpm=38;5;13:*.tif=38;5;13:*.tiff=38;5;13:*.png=38;5;13:*.svg=38;5;13:*.svgz=38;5;13:*.mng=38;5;13:*.pcx=38;5;13:*.mov=38;5;13:*.mpg=38;5;13:*.mpeg=38;5;13:*.m2v=38;5;13:*.mkv=38;5;13:*.webm=38;5;13:*.ogm=38;5;13:*.mp4=38;5;13:*.m4v=38;5;13:*.mp4v=38;5;13:*.vob=38;5;13:*.qt=38;5;13:*.nuv=38;5;13:*.wmv=38;5;13:*.asf=38;5;13:*.rm=38;5;13:*.rmvb=38;5;13:*.flc=38;5;13:*.avi=38;5;13:*.fli=38;5;13:*.flv=38;5;13:*.gl=38;5;13:*.dl=38;5;13:*.xcf=38;5;13:*.xwd=38;5;13:*.yuv=38;5;13:*.cgm=38;5;13:*.emf=38;5;13:*.axv=38;5;13:*.anx=38;5;13:*.ogv=38;5;13:*.ogx=38;5;13:*.aac=38;5;45:*.au=38;5;45:*.flac=38;5;45:*.mid=38;5;45:*.midi=38;5;45:*.mka=38;5;45:*.mp3=38;5;45:*.mpc=38;5;45:*.ogg=38;5;45:*.ra=38;5;45:*.wav=38;5;45:*.axa=38;5;45:*.oga=38;5;45:*.spx=38;5;45:*.xspf=38;5;45:'
    'MAIL' => '/var/spool/mail/vagrant'
    'PATH' => '/usr/local/bin:/usr/bin:/usr/local/sbin:/usr/sbin:/home/vagrant/.local/bin:/home/vagrant/bin'
    'PWD' => '/vagrant/dabaozha/console'
    'LANG' => 'zh_CN.UTF-8'
    'HISTCONTROL' => 'ignoredups'
    'SHLVL' => '1'
    'HOME' => '/home/vagrant'
    'LOGNAME' => 'vagrant'
    'SSH_CONNECTION' => '10.0.2.2 53180 10.0.2.15 22'
    'LESSOPEN' => '||/usr/bin/lesspipe.sh %s'
    'XDG_RUNTIME_DIR' => '/run/user/1000'
    '_' => './yii'
    'PHP_SELF' => './yii'
    'SCRIPT_NAME' => './yii'
    'SCRIPT_FILENAME' => './yii'
    'PATH_TRANSLATED' => './yii'
    'DOCUMENT_ROOT' => ''
    'REQUEST_TIME_FLOAT' => 1490614364.4649
    'REQUEST_TIME' => 1490614364
    'argv' => [
        0 => './yii'
        1 => 'match/matching'
    ]
    'argc' => 2
]
2017-03-27 19:33:51 [-][-][-][error][yii\console\UnknownCommandException] yii\base\InvalidRouteException: Unable to resolve the request "match/matching". in /vagrant/dabaozha/vendor/yiisoft/yii2/base/Module.php:532
Stack trace:
#0 /vagrant/dabaozha/vendor/yiisoft/yii2/console/Application.php(180): yii\base\Module->runAction('match/matching', Array)
#1 /vagrant/dabaozha/vendor/yiisoft/yii2/console/Application.php(147): yii\console\Application->runAction('match/matching', Array)
#2 /vagrant/dabaozha/vendor/yiisoft/yii2/base/Application.php(380): yii\console\Application->handleRequest(Object(yii\console\Request))
#3 /vagrant/dabaozha/console/yii(20): yii\base\Application->run()
#4 {main}

Next yii\console\UnknownCommandException: Unknown command "match/matching". in /vagrant/dabaozha/vendor/yiisoft/yii2/console/Application.php:183
Stack trace:
#0 /vagrant/dabaozha/vendor/yiisoft/yii2/console/Application.php(147): yii\console\Application->runAction('match/matching', Array)
#1 /vagrant/dabaozha/vendor/yiisoft/yii2/base/Application.php(380): yii\console\Application->handleRequest(Object(yii\console\Request))
#2 /vagrant/dabaozha/console/yii(20): yii\base\Application->run()
#3 {main}
2017-03-27 19:33:51 [-][-][-][info][application] $_SERVER = [
    'XDG_SESSION_ID' => '5'
    'HOSTNAME' => 'localhost'
    'TERM' => 'xterm-256color'
    'SHELL' => '/bin/bash'
    'HISTSIZE' => '1000'
    'SSH_CLIENT' => '10.0.2.2 53180 22'
    'OLDPWD' => '/vagrant/dabaozha/service'
    'SSH_TTY' => '/dev/pts/1'
    'USER' => 'vagrant'
    'LS_COLORS' => 'rs=0:di=38;5;27:ln=38;5;51:mh=44;38;5;15:pi=40;38;5;11:so=38;5;13:do=38;5;5:bd=48;5;232;38;5;11:cd=48;5;232;38;5;3:or=48;5;232;38;5;9:mi=05;48;5;232;38;5;15:su=48;5;196;38;5;15:sg=48;5;11;38;5;16:ca=48;5;196;38;5;226:tw=48;5;10;38;5;16:ow=48;5;10;38;5;21:st=48;5;21;38;5;15:ex=38;5;34:*.tar=38;5;9:*.tgz=38;5;9:*.arc=38;5;9:*.arj=38;5;9:*.taz=38;5;9:*.lha=38;5;9:*.lz4=38;5;9:*.lzh=38;5;9:*.lzma=38;5;9:*.tlz=38;5;9:*.txz=38;5;9:*.tzo=38;5;9:*.t7z=38;5;9:*.zip=38;5;9:*.z=38;5;9:*.Z=38;5;9:*.dz=38;5;9:*.gz=38;5;9:*.lrz=38;5;9:*.lz=38;5;9:*.lzo=38;5;9:*.xz=38;5;9:*.bz2=38;5;9:*.bz=38;5;9:*.tbz=38;5;9:*.tbz2=38;5;9:*.tz=38;5;9:*.deb=38;5;9:*.rpm=38;5;9:*.jar=38;5;9:*.war=38;5;9:*.ear=38;5;9:*.sar=38;5;9:*.rar=38;5;9:*.alz=38;5;9:*.ace=38;5;9:*.zoo=38;5;9:*.cpio=38;5;9:*.7z=38;5;9:*.rz=38;5;9:*.cab=38;5;9:*.jpg=38;5;13:*.jpeg=38;5;13:*.gif=38;5;13:*.bmp=38;5;13:*.pbm=38;5;13:*.pgm=38;5;13:*.ppm=38;5;13:*.tga=38;5;13:*.xbm=38;5;13:*.xpm=38;5;13:*.tif=38;5;13:*.tiff=38;5;13:*.png=38;5;13:*.svg=38;5;13:*.svgz=38;5;13:*.mng=38;5;13:*.pcx=38;5;13:*.mov=38;5;13:*.mpg=38;5;13:*.mpeg=38;5;13:*.m2v=38;5;13:*.mkv=38;5;13:*.webm=38;5;13:*.ogm=38;5;13:*.mp4=38;5;13:*.m4v=38;5;13:*.mp4v=38;5;13:*.vob=38;5;13:*.qt=38;5;13:*.nuv=38;5;13:*.wmv=38;5;13:*.asf=38;5;13:*.rm=38;5;13:*.rmvb=38;5;13:*.flc=38;5;13:*.avi=38;5;13:*.fli=38;5;13:*.flv=38;5;13:*.gl=38;5;13:*.dl=38;5;13:*.xcf=38;5;13:*.xwd=38;5;13:*.yuv=38;5;13:*.cgm=38;5;13:*.emf=38;5;13:*.axv=38;5;13:*.anx=38;5;13:*.ogv=38;5;13:*.ogx=38;5;13:*.aac=38;5;45:*.au=38;5;45:*.flac=38;5;45:*.mid=38;5;45:*.midi=38;5;45:*.mka=38;5;45:*.mp3=38;5;45:*.mpc=38;5;45:*.ogg=38;5;45:*.ra=38;5;45:*.wav=38;5;45:*.axa=38;5;45:*.oga=38;5;45:*.spx=38;5;45:*.xspf=38;5;45:'
    'MAIL' => '/var/spool/mail/vagrant'
    'PATH' => '/usr/local/bin:/usr/bin:/usr/local/sbin:/usr/sbin:/home/vagrant/.local/bin:/home/vagrant/bin'
    'PWD' => '/vagrant/dabaozha/console'
    'LANG' => 'zh_CN.UTF-8'
    'HISTCONTROL' => 'ignoredups'
    'SHLVL' => '1'
    'HOME' => '/home/vagrant'
    'LOGNAME' => 'vagrant'
    'SSH_CONNECTION' => '10.0.2.2 53180 10.0.2.15 22'
    'LESSOPEN' => '||/usr/bin/lesspipe.sh %s'
    'XDG_RUNTIME_DIR' => '/run/user/1000'
    '_' => './yii'
    'PHP_SELF' => './yii'
    'SCRIPT_NAME' => './yii'
    'SCRIPT_FILENAME' => './yii'
    'PATH_TRANSLATED' => './yii'
    'DOCUMENT_ROOT' => ''
    'REQUEST_TIME_FLOAT' => 1490614431.5308
    'REQUEST_TIME' => 1490614431
    'argv' => [
        0 => './yii'
        1 => 'match/matching'
    ]
    'argc' => 2
]
2017-03-27 19:34:03 [-][-][-][error][yii\base\UnknownPropertyException] yii\base\UnknownPropertyException: Getting unknown property: yii\console\Application::redis in /vagrant/dabaozha/vendor/yiisoft/yii2/base/Component.php:147
Stack trace:
#0 /vagrant/dabaozha/vendor/yiisoft/yii2/di/ServiceLocator.php(75): yii\base\Component->__get('redis')
#1 /vagrant/dabaozha/service/modules/match/models/ar/Match.php(30): yii\di\ServiceLocator->__get('redis')
#2 /vagrant/dabaozha/service/modules/match/models/ar/Match.php(266): service\modules\match\models\ar\Match::getDb()
#3 /vagrant/dabaozha/service/modules/match/services/MatchService.php(94): service\modules\match\models\ar\Match::getPreRoomIdFromQueue()
#4 /vagrant/dabaozha/console/commands/MatchController.php(48): service\modules\match\services\MatchService::matchRoom()
#5 [internal function]: console\commands\MatchController->actionMatching()
#6 /vagrant/dabaozha/vendor/yiisoft/yii2/base/InlineAction.php(57): call_user_func_array(Array, Array)
#7 /vagrant/dabaozha/vendor/yiisoft/yii2/base/Controller.php(156): yii\base\InlineAction->runWithParams(Array)
#8 /vagrant/dabaozha/vendor/yiisoft/yii2/console/Controller.php(128): yii\base\Controller->runAction('matching', Array)
#9 /vagrant/dabaozha/vendor/yiisoft/yii2/base/Module.php(523): yii\console\Controller->runAction('matching', Array)
#10 /vagrant/dabaozha/vendor/yiisoft/yii2/console/Application.php(180): yii\base\Module->runAction('match/matching', Array)
#11 /vagrant/dabaozha/vendor/yiisoft/yii2/console/Application.php(147): yii\console\Application->runAction('match/matching', Array)
#12 /vagrant/dabaozha/vendor/yiisoft/yii2/base/Application.php(380): yii\console\Application->handleRequest(Object(yii\console\Request))
#13 /vagrant/dabaozha/console/yii(20): yii\base\Application->run()
#14 {main}
2017-03-27 19:34:03 [-][-][-][info][application] $_SERVER = [
    'XDG_SESSION_ID' => '5'
    'HOSTNAME' => 'localhost'
    'TERM' => 'xterm-256color'
    'SHELL' => '/bin/bash'
    'HISTSIZE' => '1000'
    'SSH_CLIENT' => '10.0.2.2 53180 22'
    'OLDPWD' => '/vagrant/dabaozha/service'
    'SSH_TTY' => '/dev/pts/1'
    'USER' => 'vagrant'
    'LS_COLORS' => 'rs=0:di=38;5;27:ln=38;5;51:mh=44;38;5;15:pi=40;38;5;11:so=38;5;13:do=38;5;5:bd=48;5;232;38;5;11:cd=48;5;232;38;5;3:or=48;5;232;38;5;9:mi=05;48;5;232;38;5;15:su=48;5;196;38;5;15:sg=48;5;11;38;5;16:ca=48;5;196;38;5;226:tw=48;5;10;38;5;16:ow=48;5;10;38;5;21:st=48;5;21;38;5;15:ex=38;5;34:*.tar=38;5;9:*.tgz=38;5;9:*.arc=38;5;9:*.arj=38;5;9:*.taz=38;5;9:*.lha=38;5;9:*.lz4=38;5;9:*.lzh=38;5;9:*.lzma=38;5;9:*.tlz=38;5;9:*.txz=38;5;9:*.tzo=38;5;9:*.t7z=38;5;9:*.zip=38;5;9:*.z=38;5;9:*.Z=38;5;9:*.dz=38;5;9:*.gz=38;5;9:*.lrz=38;5;9:*.lz=38;5;9:*.lzo=38;5;9:*.xz=38;5;9:*.bz2=38;5;9:*.bz=38;5;9:*.tbz=38;5;9:*.tbz2=38;5;9:*.tz=38;5;9:*.deb=38;5;9:*.rpm=38;5;9:*.jar=38;5;9:*.war=38;5;9:*.ear=38;5;9:*.sar=38;5;9:*.rar=38;5;9:*.alz=38;5;9:*.ace=38;5;9:*.zoo=38;5;9:*.cpio=38;5;9:*.7z=38;5;9:*.rz=38;5;9:*.cab=38;5;9:*.jpg=38;5;13:*.jpeg=38;5;13:*.gif=38;5;13:*.bmp=38;5;13:*.pbm=38;5;13:*.pgm=38;5;13:*.ppm=38;5;13:*.tga=38;5;13:*.xbm=38;5;13:*.xpm=38;5;13:*.tif=38;5;13:*.tiff=38;5;13:*.png=38;5;13:*.svg=38;5;13:*.svgz=38;5;13:*.mng=38;5;13:*.pcx=38;5;13:*.mov=38;5;13:*.mpg=38;5;13:*.mpeg=38;5;13:*.m2v=38;5;13:*.mkv=38;5;13:*.webm=38;5;13:*.ogm=38;5;13:*.mp4=38;5;13:*.m4v=38;5;13:*.mp4v=38;5;13:*.vob=38;5;13:*.qt=38;5;13:*.nuv=38;5;13:*.wmv=38;5;13:*.asf=38;5;13:*.rm=38;5;13:*.rmvb=38;5;13:*.flc=38;5;13:*.avi=38;5;13:*.fli=38;5;13:*.flv=38;5;13:*.gl=38;5;13:*.dl=38;5;13:*.xcf=38;5;13:*.xwd=38;5;13:*.yuv=38;5;13:*.cgm=38;5;13:*.emf=38;5;13:*.axv=38;5;13:*.anx=38;5;13:*.ogv=38;5;13:*.ogx=38;5;13:*.aac=38;5;45:*.au=38;5;45:*.flac=38;5;45:*.mid=38;5;45:*.midi=38;5;45:*.mka=38;5;45:*.mp3=38;5;45:*.mpc=38;5;45:*.ogg=38;5;45:*.ra=38;5;45:*.wav=38;5;45:*.axa=38;5;45:*.oga=38;5;45:*.spx=38;5;45:*.xspf=38;5;45:'
    'MAIL' => '/var/spool/mail/vagrant'
    'PATH' => '/usr/local/bin:/usr/bin:/usr/local/sbin:/usr/sbin:/home/vagrant/.local/bin:/home/vagrant/bin'
    'PWD' => '/vagrant/dabaozha/console'
    'LANG' => 'zh_CN.UTF-8'
    'HISTCONTROL' => 'ignoredups'
    'SHLVL' => '1'
    'HOME' => '/home/vagrant'
    'LOGNAME' => 'vagrant'
    'SSH_CONNECTION' => '10.0.2.2 53180 10.0.2.15 22'
    'LESSOPEN' => '||/usr/bin/lesspipe.sh %s'
    'XDG_RUNTIME_DIR' => '/run/user/1000'
    '_' => './yii'
    'PHP_SELF' => './yii'
    'SCRIPT_NAME' => './yii'
    'SCRIPT_FILENAME' => './yii'
    'PATH_TRANSLATED' => './yii'
    'DOCUMENT_ROOT' => ''
    'REQUEST_TIME_FLOAT' => 1490614443.8136
    'REQUEST_TIME' => 1490614443
    'argv' => [
        0 => './yii'
        1 => 'match/matching'
    ]
    'argc' => 2
]
2017-03-27 19:34:28 [-][-][-][error][yii\base\UnknownPropertyException] yii\base\UnknownPropertyException: Getting unknown property: yii\console\Application::redis in /vagrant/dabaozha/vendor/yiisoft/yii2/base/Component.php:147
Stack trace:
#0 /vagrant/dabaozha/vendor/yiisoft/yii2/di/ServiceLocator.php(75): yii\base\Component->__get('redis')
#1 /vagrant/dabaozha/service/modules/match/models/ar/Match.php(30): yii\di\ServiceLocator->__get('redis')
#2 /vagrant/dabaozha/service/modules/match/models/ar/Match.php(266): service\modules\match\models\ar\Match::getDb()
#3 /vagrant/dabaozha/service/modules/match/services/MatchService.php(94): service\modules\match\models\ar\Match::getPreRoomIdFromQueue()
#4 /vagrant/dabaozha/console/commands/MatchController.php(48): service\modules\match\services\MatchService::matchRoom()
#5 [internal function]: console\commands\MatchController->actionMatching()
#6 /vagrant/dabaozha/vendor/yiisoft/yii2/base/InlineAction.php(57): call_user_func_array(Array, Array)
#7 /vagrant/dabaozha/vendor/yiisoft/yii2/base/Controller.php(156): yii\base\InlineAction->runWithParams(Array)
#8 /vagrant/dabaozha/vendor/yiisoft/yii2/console/Controller.php(128): yii\base\Controller->runAction('matching', Array)
#9 /vagrant/dabaozha/vendor/yiisoft/yii2/base/Module.php(523): yii\console\Controller->runAction('matching', Array)
#10 /vagrant/dabaozha/vendor/yiisoft/yii2/console/Application.php(180): yii\base\Module->runAction('match/matching', Array)
#11 /vagrant/dabaozha/vendor/yiisoft/yii2/console/Application.php(147): yii\console\Application->runAction('match/matching', Array)
#12 /vagrant/dabaozha/vendor/yiisoft/yii2/base/Application.php(380): yii\console\Application->handleRequest(Object(yii\console\Request))
#13 /vagrant/dabaozha/console/yii(20): yii\base\Application->run()
#14 {main}
2017-03-27 19:34:28 [-][-][-][info][application] $_SERVER = [
    'XDG_SESSION_ID' => '5'
    'HOSTNAME' => 'localhost'
    'TERM' => 'xterm-256color'
    'SHELL' => '/bin/bash'
    'HISTSIZE' => '1000'
    'SSH_CLIENT' => '10.0.2.2 53180 22'
    'OLDPWD' => '/vagrant/dabaozha/service'
    'SSH_TTY' => '/dev/pts/1'
    'USER' => 'vagrant'
    'LS_COLORS' => 'rs=0:di=38;5;27:ln=38;5;51:mh=44;38;5;15:pi=40;38;5;11:so=38;5;13:do=38;5;5:bd=48;5;232;38;5;11:cd=48;5;232;38;5;3:or=48;5;232;38;5;9:mi=05;48;5;232;38;5;15:su=48;5;196;38;5;15:sg=48;5;11;38;5;16:ca=48;5;196;38;5;226:tw=48;5;10;38;5;16:ow=48;5;10;38;5;21:st=48;5;21;38;5;15:ex=38;5;34:*.tar=38;5;9:*.tgz=38;5;9:*.arc=38;5;9:*.arj=38;5;9:*.taz=38;5;9:*.lha=38;5;9:*.lz4=38;5;9:*.lzh=38;5;9:*.lzma=38;5;9:*.tlz=38;5;9:*.txz=38;5;9:*.tzo=38;5;9:*.t7z=38;5;9:*.zip=38;5;9:*.z=38;5;9:*.Z=38;5;9:*.dz=38;5;9:*.gz=38;5;9:*.lrz=38;5;9:*.lz=38;5;9:*.lzo=38;5;9:*.xz=38;5;9:*.bz2=38;5;9:*.bz=38;5;9:*.tbz=38;5;9:*.tbz2=38;5;9:*.tz=38;5;9:*.deb=38;5;9:*.rpm=38;5;9:*.jar=38;5;9:*.war=38;5;9:*.ear=38;5;9:*.sar=38;5;9:*.rar=38;5;9:*.alz=38;5;9:*.ace=38;5;9:*.zoo=38;5;9:*.cpio=38;5;9:*.7z=38;5;9:*.rz=38;5;9:*.cab=38;5;9:*.jpg=38;5;13:*.jpeg=38;5;13:*.gif=38;5;13:*.bmp=38;5;13:*.pbm=38;5;13:*.pgm=38;5;13:*.ppm=38;5;13:*.tga=38;5;13:*.xbm=38;5;13:*.xpm=38;5;13:*.tif=38;5;13:*.tiff=38;5;13:*.png=38;5;13:*.svg=38;5;13:*.svgz=38;5;13:*.mng=38;5;13:*.pcx=38;5;13:*.mov=38;5;13:*.mpg=38;5;13:*.mpeg=38;5;13:*.m2v=38;5;13:*.mkv=38;5;13:*.webm=38;5;13:*.ogm=38;5;13:*.mp4=38;5;13:*.m4v=38;5;13:*.mp4v=38;5;13:*.vob=38;5;13:*.qt=38;5;13:*.nuv=38;5;13:*.wmv=38;5;13:*.asf=38;5;13:*.rm=38;5;13:*.rmvb=38;5;13:*.flc=38;5;13:*.avi=38;5;13:*.fli=38;5;13:*.flv=38;5;13:*.gl=38;5;13:*.dl=38;5;13:*.xcf=38;5;13:*.xwd=38;5;13:*.yuv=38;5;13:*.cgm=38;5;13:*.emf=38;5;13:*.axv=38;5;13:*.anx=38;5;13:*.ogv=38;5;13:*.ogx=38;5;13:*.aac=38;5;45:*.au=38;5;45:*.flac=38;5;45:*.mid=38;5;45:*.midi=38;5;45:*.mka=38;5;45:*.mp3=38;5;45:*.mpc=38;5;45:*.ogg=38;5;45:*.ra=38;5;45:*.wav=38;5;45:*.axa=38;5;45:*.oga=38;5;45:*.spx=38;5;45:*.xspf=38;5;45:'
    'MAIL' => '/var/spool/mail/vagrant'
    'PATH' => '/usr/local/bin:/usr/bin:/usr/local/sbin:/usr/sbin:/home/vagrant/.local/bin:/home/vagrant/bin'
    'PWD' => '/vagrant/dabaozha/console'
    'LANG' => 'zh_CN.UTF-8'
    'HISTCONTROL' => 'ignoredups'
    'SHLVL' => '1'
    'HOME' => '/home/vagrant'
    'LOGNAME' => 'vagrant'
    'SSH_CONNECTION' => '10.0.2.2 53180 10.0.2.15 22'
    'LESSOPEN' => '||/usr/bin/lesspipe.sh %s'
    'XDG_RUNTIME_DIR' => '/run/user/1000'
    '_' => './yii'
    'PHP_SELF' => './yii'
    'SCRIPT_NAME' => './yii'
    'SCRIPT_FILENAME' => './yii'
    'PATH_TRANSLATED' => './yii'
    'DOCUMENT_ROOT' => ''
    'REQUEST_TIME_FLOAT' => 1490614467.9989
    'REQUEST_TIME' => 1490614467
    'argv' => [
        0 => './yii'
        1 => 'match/matching'
    ]
    'argc' => 2
]
2017-03-27 19:38:18 [-][-][-][warning][application] intPreRoomId: 77
    in /vagrant/dabaozha/service/modules/room/models/ar/PreRoom.php:43
    in /vagrant/dabaozha/service/modules/match/models/ar/Match.php:192
    in /vagrant/dabaozha/service/modules/match/services/MatchService.php:229
2017-03-27 19:38:18 [-][-][-][warning][application] intPreRoomId: 77
    in /vagrant/dabaozha/service/modules/room/models/ar/PreRoom.php:43
    in /vagrant/dabaozha/service/modules/match/models/ar/Match.php:192
    in /vagrant/dabaozha/service/modules/match/services/MatchService.php:229
2017-03-27 19:38:18 [-][-][-][warning][application] intPreRoomId: 77
    in /vagrant/dabaozha/service/modules/room/models/ar/PreRoom.php:43
    in /vagrant/dabaozha/service/modules/match/models/ar/Match.php:192
    in /vagrant/dabaozha/service/modules/match/services/MatchService.php:229
2017-03-27 19:38:18 [-][-][-][warning][application] array (
  'pre_room_id' => '77',
  'user_list' => 
  array (
    0 => 
    array (
      'user_id' => '345',
      'sex' => 1,
      'is_master' => 1,
    ),
    1 => 
    array (
      'user_id' => '234',
      'sex' => 2,
      'is_master' => 1,
    ),
    2 => 
    array (
      'user_id' => '456',
      'sex' => 1,
      'is_master' => 1,
    ),
    3 => 
    array (
      'user_id' => '123',
      'sex' => 1,
      'is_master' => 1,
    ),
  ),
)
    in /vagrant/dabaozha/service/modules/match/services/MatchService.php:316
    in /vagrant/dabaozha/console/commands/MatchController.php:48
2017-03-27 19:38:18 [-][-][-][warning][yii\log\Dispatcher::dispatch] Unable to send log via yii\debug\LogTarget: Exception 'yii\base\UnknownMethodException' with message 'Calling unknown method: yii\console\Request::getAbsoluteUrl()' 

in /vagrant/dabaozha/vendor/yiisoft/yii2/base/Component.php:290

Stack trace:
#0 /vagrant/dabaozha/vendor/yiisoft/yii2-debug/LogTarget.php(151): yii\base\Component->__call('getAbsoluteUrl', Array)
#1 /vagrant/dabaozha/vendor/yiisoft/yii2-debug/LogTarget.php(50): yii\debug\LogTarget->collectSummary()
#2 /vagrant/dabaozha/vendor/yiisoft/yii2-debug/LogTarget.php(118): yii\debug\LogTarget->export()
#3 /vagrant/dabaozha/vendor/yiisoft/yii2/log/Dispatcher.php(188): yii\debug\LogTarget->collect(Array, true)
#4 /vagrant/dabaozha/vendor/yiisoft/yii2/log/Logger.php(177): yii\log\Dispatcher->dispatch(Array, true)
#5 [internal function]: yii\log\Logger->flush(true)
#6 {main}
2017-03-27 19:38:25 [-][-][-][warning][yii\log\Dispatcher::dispatch] Unable to send log via yii\debug\LogTarget: Exception 'yii\base\UnknownMethodException' with message 'Calling unknown method: yii\console\Request::getAbsoluteUrl()' 

in /vagrant/dabaozha/vendor/yiisoft/yii2/base/Component.php:290

Stack trace:
#0 /vagrant/dabaozha/vendor/yiisoft/yii2-debug/LogTarget.php(151): yii\base\Component->__call('getAbsoluteUrl', Array)
#1 /vagrant/dabaozha/vendor/yiisoft/yii2-debug/LogTarget.php(50): yii\debug\LogTarget->collectSummary()
#2 /vagrant/dabaozha/vendor/yiisoft/yii2-debug/LogTarget.php(118): yii\debug\LogTarget->export()
#3 /vagrant/dabaozha/vendor/yiisoft/yii2/log/Dispatcher.php(188): yii\debug\LogTarget->collect(Array, true)
#4 /vagrant/dabaozha/vendor/yiisoft/yii2/log/Logger.php(177): yii\log\Dispatcher->dispatch(Array, true)
#5 [internal function]: yii\log\Logger->flush(true)
#6 {main}
2017-03-27 19:38:27 [-][-][-][warning][yii\log\Dispatcher::dispatch] Unable to send log via yii\debug\LogTarget: Exception 'yii\base\UnknownMethodException' with message 'Calling unknown method: yii\console\Request::getAbsoluteUrl()' 

in /vagrant/dabaozha/vendor/yiisoft/yii2/base/Component.php:290

Stack trace:
#0 /vagrant/dabaozha/vendor/yiisoft/yii2-debug/LogTarget.php(151): yii\base\Component->__call('getAbsoluteUrl', Array)
#1 /vagrant/dabaozha/vendor/yiisoft/yii2-debug/LogTarget.php(50): yii\debug\LogTarget->collectSummary()
#2 /vagrant/dabaozha/vendor/yiisoft/yii2-debug/LogTarget.php(118): yii\debug\LogTarget->export()
#3 /vagrant/dabaozha/vendor/yiisoft/yii2/log/Dispatcher.php(188): yii\debug\LogTarget->collect(Array, true)
#4 /vagrant/dabaozha/vendor/yiisoft/yii2/log/Logger.php(177): yii\log\Dispatcher->dispatch(Array, true)
#5 [internal function]: yii\log\Logger->flush(true)
#6 {main}
2017-03-27 19:41:42 [-][-][-][warning][yii\log\Dispatcher::dispatch] Unable to send log via yii\debug\LogTarget: Exception 'yii\base\UnknownMethodException' with message 'Calling unknown method: yii\console\Request::getAbsoluteUrl()' 

in /vagrant/dabaozha/vendor/yiisoft/yii2/base/Component.php:290

Stack trace:
#0 /vagrant/dabaozha/vendor/yiisoft/yii2-debug/LogTarget.php(151): yii\base\Component->__call('getAbsoluteUrl', Array)
#1 /vagrant/dabaozha/vendor/yiisoft/yii2-debug/LogTarget.php(50): yii\debug\LogTarget->collectSummary()
#2 /vagrant/dabaozha/vendor/yiisoft/yii2-debug/LogTarget.php(118): yii\debug\LogTarget->export()
#3 /vagrant/dabaozha/vendor/yiisoft/yii2/log/Dispatcher.php(188): yii\debug\LogTarget->collect(Array, true)
#4 /vagrant/dabaozha/vendor/yiisoft/yii2/log/Logger.php(177): yii\log\Dispatcher->dispatch(Array, true)
#5 [internal function]: yii\log\Logger->flush(true)
#6 {main}
